<?xml version="1.0" encoding="UTF-8"?>
<!-- Generated by org.testng.reporters.JUnitReportReporter -->
<testsuite skipped="0" hostname="DESKTOP-1MHC21O" name="com.orangeHRM.testscript.LoginTest" tests="1" failures="0" timestamp="31 Oct 2021 01:19:49 GMT" time="63.668" errors="0">
  <testcase name="verifyLogin" time="63.668" classname="com.orangeHRM.testscript.LoginTest"/>
</testsuite> <!-- com.orangeHRM.testscript.LoginTest -->
