<?xml version="1.0" encoding="UTF-8"?>
<!-- Generated by org.testng.reporters.JUnitReportReporter -->
<testsuite skipped="0" hostname="DESKTOP-1MHC21O" name="com.organgeHRM.pages.Login" tests="1" failures="0" timestamp="30 Oct 2021 16:18:51 GMT" time="17.598" errors="0">
  <testcase name="login" time="17.598" classname="com.organgeHRM.pages.Login"/>
</testsuite> <!-- com.organgeHRM.pages.Login -->
