<?xml version="1.0" encoding="UTF-8"?>
<!-- Generated by org.testng.reporters.JUnitReportReporter -->
<testsuite skipped="0" hostname="DESKTOP-1MHC21O" name="com.orangeHRM.testscript.PIM_AddEmployeeTest" tests="1" failures="0" timestamp="2 Nov 2021 10:44:44 GMT" time="39.560" errors="0">
  <testcase name="verifyUserClicksAddEmployee" time="39.560" classname="com.orangeHRM.testscript.PIM_AddEmployeeTest"/>
</testsuite> <!-- com.orangeHRM.testscript.PIM_AddEmployeeTest -->
